<?xml version="1.0" encoding="UTF-8"?>
<coverage generated="1738030947828" clover="3.2.0">
  <project timestamp="1738030947828" name="All files">
    <metrics statements="65" coveredstatements="54" conditionals="25" coveredconditionals="10" methods="8" coveredmethods="6" elements="98" coveredelements="70" complexity="0" loc="65" ncloc="65" packages="4" files="8" classes="8"/>
    <package name="src">
      <metrics statements="33" coveredstatements="26" conditionals="10" coveredconditionals="2" methods="4" coveredmethods="2"/>
      <file name="app.js" path="/Users/cmcdonald/Seneca/CCP555/fragments/src/app.js">
        <metrics statements="25" coveredstatements="19" conditionals="6" coveredconditionals="0" methods="2" coveredmethods="0"/>
        <line num="3" count="2" type="stmt"/>
        <line num="4" count="2" type="stmt"/>
        <line num="5" count="2" type="stmt"/>
        <line num="6" count="2" type="stmt"/>
        <line num="8" count="2" type="stmt"/>
        <line num="9" count="2" type="stmt"/>
        <line num="14" count="2" type="stmt"/>
        <line num="15" count="2" type="stmt"/>
        <line num="18" count="2" type="stmt"/>
        <line num="21" count="2" type="stmt"/>
        <line num="24" count="2" type="stmt"/>
        <line num="27" count="2" type="stmt"/>
        <line num="30" count="2" type="stmt"/>
        <line num="33" count="2" type="stmt"/>
        <line num="34" count="2" type="stmt"/>
        <line num="37" count="2" type="stmt"/>
        <line num="40" count="2" type="stmt"/>
        <line num="41" count="0" type="stmt"/>
        <line num="52" count="2" type="stmt"/>
        <line num="55" count="0" type="cond" truecount="0" falsecount="2"/>
        <line num="56" count="0" type="cond" truecount="0" falsecount="2"/>
        <line num="59" count="0" type="cond" truecount="0" falsecount="2"/>
        <line num="60" count="0" type="stmt"/>
        <line num="63" count="0" type="stmt"/>
        <line num="73" count="2" type="stmt"/>
      </file>
      <file name="logger.js" path="/Users/cmcdonald/Seneca/CCP555/fragments/src/logger.js">
        <metrics statements="4" coveredstatements="3" conditionals="4" coveredconditionals="2" methods="0" coveredmethods="0"/>
        <line num="4" count="2" type="cond" truecount="1" falsecount="1"/>
        <line num="7" count="2" type="cond" truecount="1" falsecount="1"/>
        <line num="9" count="0" type="stmt"/>
        <line num="19" count="2" type="stmt"/>
      </file>
      <file name="response.js" path="/Users/cmcdonald/Seneca/CCP555/fragments/src/response.js">
        <metrics statements="4" coveredstatements="4" conditionals="0" coveredconditionals="0" methods="2" coveredmethods="2"/>
        <line num="9" count="1" type="stmt"/>
        <line num="10" count="2" type="stmt"/>
        <line num="29" count="1" type="stmt"/>
        <line num="30" count="1" type="stmt"/>
      </file>
    </package>
    <package name="src.auth">
      <metrics statements="17" coveredstatements="13" conditionals="15" coveredconditionals="8" methods="2" coveredmethods="2"/>
      <file name="basic-auth.js" path="/Users/cmcdonald/Seneca/CCP555/fragments/src/auth/basic-auth.js">
        <metrics statements="10" coveredstatements="9" conditionals="2" coveredconditionals="1" methods="2" coveredmethods="2"/>
        <line num="4" count="2" type="stmt"/>
        <line num="5" count="2" type="stmt"/>
        <line num="6" count="2" type="stmt"/>
        <line num="8" count="2" type="stmt"/>
        <line num="11" count="2" type="cond" truecount="1" falsecount="1"/>
        <line num="12" count="0" type="stmt"/>
        <line num="16" count="2" type="stmt"/>
        <line num="18" count="2" type="stmt"/>
        <line num="21" count="2" type="stmt"/>
        <line num="27" count="2" type="stmt"/>
      </file>
      <file name="index.js" path="/Users/cmcdonald/Seneca/CCP555/fragments/src/auth/index.js">
        <metrics statements="7" coveredstatements="4" conditionals="13" coveredconditionals="7" methods="0" coveredmethods="0"/>
        <line num="7" count="2" type="cond" truecount="1" falsecount="1"/>
        <line num="12" count="0" type="stmt"/>
        <line num="18" count="2" type="cond" truecount="2" falsecount="2"/>
        <line num="19" count="0" type="stmt"/>
        <line num="22" count="2" type="cond" truecount="3" falsecount="1"/>
        <line num="23" count="2" type="stmt"/>
        <line num="27" count="0" type="stmt"/>
      </file>
    </package>
    <package name="src.routes">
      <metrics statements="9" coveredstatements="9" conditionals="0" coveredconditionals="0" methods="1" coveredmethods="1"/>
      <file name="index.js" path="/Users/cmcdonald/Seneca/CCP555/fragments/src/routes/index.js">
        <metrics statements="9" coveredstatements="9" conditionals="0" coveredconditionals="0" methods="1" coveredmethods="1"/>
        <line num="3" count="2" type="stmt"/>
        <line num="6" count="2" type="stmt"/>
        <line num="9" count="2" type="stmt"/>
        <line num="12" count="2" type="stmt"/>
        <line num="19" count="2" type="stmt"/>
        <line num="25" count="2" type="stmt"/>
        <line num="27" count="4" type="stmt"/>
        <line num="29" count="4" type="stmt"/>
        <line num="38" count="2" type="stmt"/>
      </file>
    </package>
    <package name="src.routes.api">
      <metrics statements="6" coveredstatements="6" conditionals="0" coveredconditionals="0" methods="1" coveredmethods="1"/>
      <file name="get.js" path="/Users/cmcdonald/Seneca/CCP555/fragments/src/routes/api/get.js">
        <metrics statements="2" coveredstatements="2" conditionals="0" coveredconditionals="0" methods="1" coveredmethods="1"/>
        <line num="6" count="2" type="stmt"/>
        <line num="7" count="1" type="stmt"/>
      </file>
      <file name="index.js" path="/Users/cmcdonald/Seneca/CCP555/fragments/src/routes/api/index.js">
        <metrics statements="4" coveredstatements="4" conditionals="0" coveredconditionals="0" methods="0" coveredmethods="0"/>
        <line num="6" count="2" type="stmt"/>
        <line num="9" count="2" type="stmt"/>
        <line num="12" count="2" type="stmt"/>
        <line num="15" count="2" type="stmt"/>
      </file>
    </package>
  </project>
</coverage>
