{"/Users/cmcdonald/Seneca/CCP555/fragments/src/app.js": {"path":"/Users/cmcdonald/Seneca/CCP555/fragments/src/app.js","statementMap":{"0":{"start":{"line":3,"column":16},"end":{"line":3,"column":34}},"1":{"start":{"line":4,"column":13},"end":{"line":4,"column":28}},"2":{"start":{"line":5,"column":15},"end":{"line":5,"column":32}},"3":{"start":{"line":6,"column":20},"end":{"line":6,"column":42}},"4":{"start":{"line":8,"column":15},"end":{"line":8,"column":34}},"5":{"start":{"line":9,"column":13},"end":{"line":12,"column":2}},"6":{"start":{"line":14,"column":17},"end":{"line":14,"column":36}},"7":{"start":{"line":15,"column":21},"end":{"line":15,"column":38}},"8":{"start":{"line":18,"column":12},"end":{"line":18,"column":21}},"9":{"start":{"line":21,"column":0},"end":{"line":21,"column":14}},"10":{"start":{"line":24,"column":0},"end":{"line":24,"column":18}},"11":{"start":{"line":27,"column":0},"end":{"line":27,"column":16}},"12":{"start":{"line":30,"column":0},"end":{"line":30,"column":23}},"13":{"start":{"line":33,"column":0},"end":{"line":33,"column":38}},"14":{"start":{"line":34,"column":0},"end":{"line":34,"column":31}},"15":{"start":{"line":37,"column":0},"end":{"line":37,"column":34}},"16":{"start":{"line":40,"column":0},"end":{"line":48,"column":3}},"17":{"start":{"line":41,"column":2},"end":{"line":47,"column":5}},"18":{"start":{"line":52,"column":0},"end":{"line":70,"column":3}},"19":{"start":{"line":55,"column":17},"end":{"line":55,"column":34}},"20":{"start":{"line":56,"column":18},"end":{"line":56,"column":60}},"21":{"start":{"line":59,"column":2},"end":{"line":61,"column":3}},"22":{"start":{"line":60,"column":4},"end":{"line":60,"column":54}},"23":{"start":{"line":63,"column":2},"end":{"line":69,"column":5}},"24":{"start":{"line":73,"column":0},"end":{"line":73,"column":21}}},"fnMap":{"0":{"name":"(anonymous_0)","decl":{"start":{"line":40,"column":8},"end":{"line":40,"column":9}},"loc":{"start":{"line":40,"column":22},"end":{"line":48,"column":1}},"line":40},"1":{"name":"(anonymous_1)","decl":{"start":{"line":52,"column":8},"end":{"line":52,"column":9}},"loc":{"start":{"line":52,"column":33},"end":{"line":70,"column":1}},"line":52}},"branchMap":{"0":{"loc":{"start":{"line":55,"column":17},"end":{"line":55,"column":34}},"type":"binary-expr","locations":[{"start":{"line":55,"column":17},"end":{"line":55,"column":27}},{"start":{"line":55,"column":31},"end":{"line":55,"column":34}}],"line":55},"1":{"loc":{"start":{"line":56,"column":18},"end":{"line":56,"column":60}},"type":"binary-expr","locations":[{"start":{"line":56,"column":18},"end":{"line":56,"column":29}},{"start":{"line":56,"column":33},"end":{"line":56,"column":60}}],"line":56},"2":{"loc":{"start":{"line":59,"column":2},"end":{"line":61,"column":3}},"type":"if","locations":[{"start":{"line":59,"column":2},"end":{"line":61,"column":3}},{"start":{},"end":{}}],"line":59}},"s":{"0":2,"1":2,"2":2,"3":2,"4":2,"5":2,"6":2,"7":2,"8":2,"9":2,"10":2,"11":2,"12":2,"13":2,"14":2,"15":2,"16":2,"17":0,"18":2,"19":0,"20":0,"21":0,"22":0,"23":0,"24":2},"f":{"0":0,"1":0},"b":{"0":[0,0],"1":[0,0],"2":[0,0]},"_coverageSchema":"1a1c01bbd47fc00a2c39e90264f33305004495a9","hash":"77e04e6a27c86d5d87cf10776763ea85af591e3a"}
,"/Users/cmcdonald/Seneca/CCP555/fragments/src/logger.js": {"path":"/Users/cmcdonald/Seneca/CCP555/fragments/src/logger.js","statementMap":{"0":{"start":{"line":4,"column":16},"end":{"line":4,"column":58}},"1":{"start":{"line":7,"column":0},"end":{"line":15,"column":1}},"2":{"start":{"line":9,"column":2},"end":{"line":14,"column":4}},"3":{"start":{"line":19,"column":0},"end":{"line":19,"column":42}}},"fnMap":{},"branchMap":{"0":{"loc":{"start":{"line":4,"column":25},"end":{"line":4,"column":56}},"type":"binary-expr","locations":[{"start":{"line":4,"column":25},"end":{"line":4,"column":46}},{"start":{"line":4,"column":50},"end":{"line":4,"column":56}}],"line":4},"1":{"loc":{"start":{"line":7,"column":0},"end":{"line":15,"column":1}},"type":"if","locations":[{"start":{"line":7,"column":0},"end":{"line":15,"column":1}},{"start":{},"end":{}}],"line":7}},"s":{"0":2,"1":2,"2":0,"3":2},"f":{},"b":{"0":[2,0],"1":[0,2]},"_coverageSchema":"1a1c01bbd47fc00a2c39e90264f33305004495a9","hash":"0c21808ecf1cb47eafdbf8627fa7985c609190ba"}
,"/Users/cmcdonald/Seneca/CCP555/fragments/src/response.js": {"path":"/Users/cmcdonald/Seneca/CCP555/fragments/src/response.js","statementMap":{"0":{"start":{"line":9,"column":0},"end":{"line":16,"column":2}},"1":{"start":{"line":10,"column":2},"end":{"line":15,"column":4}},"2":{"start":{"line":29,"column":0},"end":{"line":37,"column":2}},"3":{"start":{"line":30,"column":2},"end":{"line":36,"column":4}}},"fnMap":{"0":{"name":"(anonymous_0)","decl":{"start":{"line":9,"column":39},"end":{"line":9,"column":40}},"loc":{"start":{"line":9,"column":55},"end":{"line":16,"column":1}},"line":9},"1":{"name":"(anonymous_1)","decl":{"start":{"line":29,"column":37},"end":{"line":29,"column":38}},"loc":{"start":{"line":29,"column":62},"end":{"line":37,"column":1}},"line":29}},"branchMap":{},"s":{"0":1,"1":2,"2":1,"3":1},"f":{"0":2,"1":1},"b":{},"_coverageSchema":"1a1c01bbd47fc00a2c39e90264f33305004495a9","hash":"d88e8981a5d882ea984f625d225884a5651d6059"}
,"/Users/cmcdonald/Seneca/CCP555/fragments/src/auth/basic-auth.js": {"path":"/Users/cmcdonald/Seneca/CCP555/fragments/src/auth/basic-auth.js","statementMap":{"0":{"start":{"line":4,"column":13},"end":{"line":4,"column":33}},"1":{"start":{"line":5,"column":17},"end":{"line":5,"column":36}},"2":{"start":{"line":6,"column":21},"end":{"line":6,"column":50}},"3":{"start":{"line":8,"column":15},"end":{"line":8,"column":35}},"4":{"start":{"line":11,"column":0},"end":{"line":13,"column":1}},"5":{"start":{"line":12,"column":2},"end":{"line":12,"column":61}},"6":{"start":{"line":16,"column":0},"end":{"line":16,"column":46}},"7":{"start":{"line":18,"column":0},"end":{"line":25,"column":4}},"8":{"start":{"line":21,"column":2},"end":{"line":25,"column":3}},"9":{"start":{"line":27,"column":0},"end":{"line":27,"column":86}},"10":{"start":{"line":27,"column":36},"end":{"line":27,"column":85}}},"fnMap":{"0":{"name":"(anonymous_0)","decl":{"start":{"line":18,"column":26},"end":{"line":18,"column":27}},"loc":{"start":{"line":21,"column":2},"end":{"line":25,"column":3}},"line":21},"1":{"name":"(anonymous_1)","decl":{"start":{"line":27,"column":30},"end":{"line":27,"column":31}},"loc":{"start":{"line":27,"column":36},"end":{"line":27,"column":85}},"line":27}},"branchMap":{"0":{"loc":{"start":{"line":11,"column":0},"end":{"line":13,"column":1}},"type":"if","locations":[{"start":{"line":11,"column":0},"end":{"line":13,"column":1}},{"start":{},"end":{}}],"line":11}},"s":{"0":2,"1":2,"2":2,"3":2,"4":2,"5":0,"6":2,"7":2,"8":2,"9":2,"10":2},"f":{"0":2,"1":2},"b":{"0":[0,2]},"_coverageSchema":"1a1c01bbd47fc00a2c39e90264f33305004495a9","hash":"c417d604a653f5bf16c9c973aedd985a31e3d39d"}
,"/Users/cmcdonald/Seneca/CCP555/fragments/src/auth/index.js": {"path":"/Users/cmcdonald/Seneca/CCP555/fragments/src/auth/index.js","statementMap":{"0":{"start":{"line":7,"column":0},"end":{"line":15,"column":1}},"1":{"start":{"line":12,"column":2},"end":{"line":14,"column":4}},"2":{"start":{"line":18,"column":0},"end":{"line":28,"column":1}},"3":{"start":{"line":19,"column":2},"end":{"line":19,"column":40}},"4":{"start":{"line":22,"column":5},"end":{"line":28,"column":1}},"5":{"start":{"line":23,"column":2},"end":{"line":23,"column":43}},"6":{"start":{"line":27,"column":2},"end":{"line":27,"column":76}}},"fnMap":{},"branchMap":{"0":{"loc":{"start":{"line":7,"column":0},"end":{"line":15,"column":1}},"type":"if","locations":[{"start":{"line":7,"column":0},"end":{"line":15,"column":1}},{"start":{},"end":{}}],"line":7},"1":{"loc":{"start":{"line":8,"column":2},"end":{"line":10,"column":27}},"type":"binary-expr","locations":[{"start":{"line":8,"column":2},"end":{"line":8,"column":33}},{"start":{"line":9,"column":2},"end":{"line":9,"column":35}},{"start":{"line":10,"column":2},"end":{"line":10,"column":27}}],"line":8},"2":{"loc":{"start":{"line":18,"column":0},"end":{"line":28,"column":1}},"type":"if","locations":[{"start":{"line":18,"column":0},"end":{"line":28,"column":1}},{"start":{"line":22,"column":5},"end":{"line":28,"column":1}}],"line":18},"3":{"loc":{"start":{"line":18,"column":4},"end":{"line":18,"column":72}},"type":"binary-expr","locations":[{"start":{"line":18,"column":4},"end":{"line":18,"column":35}},{"start":{"line":18,"column":39},"end":{"line":18,"column":72}}],"line":18},"4":{"loc":{"start":{"line":22,"column":5},"end":{"line":28,"column":1}},"type":"if","locations":[{"start":{"line":22,"column":5},"end":{"line":28,"column":1}},{"start":{"line":26,"column":5},"end":{"line":28,"column":1}}],"line":22},"5":{"loc":{"start":{"line":22,"column":9},"end":{"line":22,"column":71}},"type":"binary-expr","locations":[{"start":{"line":22,"column":9},"end":{"line":22,"column":34}},{"start":{"line":22,"column":38},"end":{"line":22,"column":71}}],"line":22}},"s":{"0":2,"1":0,"2":2,"3":0,"4":2,"5":2,"6":0},"f":{},"b":{"0":[0,2],"1":[2,0,0],"2":[0,2],"3":[2,0],"4":[2,0],"5":[2,2]},"_coverageSchema":"1a1c01bbd47fc00a2c39e90264f33305004495a9","hash":"9653e1cc508cf2386117261d92f471f9a3de4974"}
,"/Users/cmcdonald/Seneca/CCP555/fragments/src/routes/index.js": {"path":"/Users/cmcdonald/Seneca/CCP555/fragments/src/routes/index.js","statementMap":{"0":{"start":{"line":3,"column":16},"end":{"line":3,"column":34}},"1":{"start":{"line":6,"column":28},"end":{"line":6,"column":57}},"2":{"start":{"line":9,"column":25},"end":{"line":9,"column":43}},"3":{"start":{"line":12,"column":15},"end":{"line":12,"column":31}},"4":{"start":{"line":19,"column":0},"end":{"line":19,"column":52}},"5":{"start":{"line":25,"column":0},"end":{"line":36,"column":3}},"6":{"start":{"line":27,"column":2},"end":{"line":27,"column":45}},"7":{"start":{"line":29,"column":2},"end":{"line":35,"column":5}},"8":{"start":{"line":38,"column":0},"end":{"line":38,"column":24}}},"fnMap":{"0":{"name":"(anonymous_0)","decl":{"start":{"line":25,"column":16},"end":{"line":25,"column":17}},"loc":{"start":{"line":25,"column":30},"end":{"line":36,"column":1}},"line":25}},"branchMap":{},"s":{"0":2,"1":2,"2":2,"3":2,"4":2,"5":2,"6":4,"7":4,"8":2},"f":{"0":4},"b":{},"_coverageSchema":"1a1c01bbd47fc00a2c39e90264f33305004495a9","hash":"818b347d0c4447bd23f44973e512a24c4772ca19"}
,"/Users/cmcdonald/Seneca/CCP555/fragments/src/routes/api/get.js": {"path":"/Users/cmcdonald/Seneca/CCP555/fragments/src/routes/api/get.js","statementMap":{"0":{"start":{"line":6,"column":0},"end":{"line":11,"column":2}},"1":{"start":{"line":7,"column":2},"end":{"line":10,"column":5}}},"fnMap":{"0":{"name":"(anonymous_0)","decl":{"start":{"line":6,"column":17},"end":{"line":6,"column":18}},"loc":{"start":{"line":6,"column":31},"end":{"line":11,"column":1}},"line":6}},"branchMap":{},"s":{"0":2,"1":1},"f":{"0":1},"b":{},"_coverageSchema":"1a1c01bbd47fc00a2c39e90264f33305004495a9","hash":"a7e2d36d006efa68d92d9f402edcfb6d34ed471a"}
,"/Users/cmcdonald/Seneca/CCP555/fragments/src/routes/api/index.js": {"path":"/Users/cmcdonald/Seneca/CCP555/fragments/src/routes/api/index.js","statementMap":{"0":{"start":{"line":6,"column":16},"end":{"line":6,"column":34}},"1":{"start":{"line":9,"column":15},"end":{"line":9,"column":31}},"2":{"start":{"line":12,"column":0},"end":{"line":12,"column":43}},"3":{"start":{"line":15,"column":0},"end":{"line":15,"column":24}}},"fnMap":{},"branchMap":{},"s":{"0":2,"1":2,"2":2,"3":2},"f":{},"b":{},"_coverageSchema":"1a1c01bbd47fc00a2c39e90264f33305004495a9","hash":"a851f1295e3f006cafe4673937522f82ad376cf2"}
}
