TN:
SF:src/app.js
FN:40,(anonymous_0)
FN:52,(anonymous_1)
FNF:2
FNH:0
FNDA:0,(anonymous_0)
FNDA:0,(anonymous_1)
DA:3,2
DA:4,2
DA:5,2
DA:6,2
DA:8,2
DA:9,2
DA:14,2
DA:15,2
DA:18,2
DA:21,2
DA:24,2
DA:27,2
DA:30,2
DA:33,2
DA:34,2
DA:37,2
DA:40,2
DA:41,0
DA:52,2
DA:55,0
DA:56,0
DA:59,0
DA:60,0
DA:63,0
DA:73,2
LF:25
LH:19
BRDA:55,0,0,0
BRDA:55,0,1,0
BRDA:56,1,0,0
BRDA:56,1,1,0
BRDA:59,2,0,0
BRDA:59,2,1,0
BRF:6
BRH:0
end_of_record
TN:
SF:src/logger.js
FNF:0
FNH:0
DA:4,2
DA:7,2
DA:9,0
DA:19,2
LF:4
LH:3
BRDA:4,0,0,2
BRDA:4,0,1,0
BRDA:7,1,0,0
BRDA:7,1,1,2
BRF:4
BRH:2
end_of_record
TN:
SF:src/response.js
FN:9,(anonymous_0)
FN:29,(anonymous_1)
FNF:2
FNH:2
FNDA:2,(anonymous_0)
FNDA:1,(anonymous_1)
DA:9,1
DA:10,2
DA:29,1
DA:30,1
LF:4
LH:4
BRF:0
BRH:0
end_of_record
TN:
SF:src/auth/basic-auth.js
FN:18,(anonymous_0)
FN:27,(anonymous_1)
FNF:2
FNH:2
FNDA:2,(anonymous_0)
FNDA:2,(anonymous_1)
DA:4,2
DA:5,2
DA:6,2
DA:8,2
DA:11,2
DA:12,0
DA:16,2
DA:18,2
DA:21,2
DA:27,2
LF:10
LH:9
BRDA:11,0,0,0
BRDA:11,0,1,2
BRF:2
BRH:1
end_of_record
TN:
SF:src/auth/index.js
FNF:0
FNH:0
DA:7,2
DA:12,0
DA:18,2
DA:19,0
DA:22,2
DA:23,2
DA:27,0
LF:7
LH:4
BRDA:7,0,0,0
BRDA:7,0,1,2
BRDA:8,1,0,2
BRDA:8,1,1,0
BRDA:8,1,2,0
BRDA:18,2,0,0
BRDA:18,2,1,2
BRDA:18,3,0,2
BRDA:18,3,1,0
BRDA:22,4,0,2
BRDA:22,4,1,0
BRDA:22,5,0,2
BRDA:22,5,1,2
BRF:13
BRH:7
end_of_record
TN:
SF:src/routes/index.js
FN:25,(anonymous_0)
FNF:1
FNH:1
FNDA:4,(anonymous_0)
DA:3,2
DA:6,2
DA:9,2
DA:12,2
DA:19,2
DA:25,2
DA:27,4
DA:29,4
DA:38,2
LF:9
LH:9
BRF:0
BRH:0
end_of_record
TN:
SF:src/routes/api/get.js
FN:6,(anonymous_0)
FNF:1
FNH:1
FNDA:1,(anonymous_0)
DA:6,2
DA:7,1
LF:2
LH:2
BRF:0
BRH:0
end_of_record
TN:
SF:src/routes/api/index.js
FNF:0
FNH:0
DA:6,2
DA:9,2
DA:12,2
DA:15,2
LF:4
LH:4
BRF:0
BRH:0
end_of_record
